<?xml version="1.0" encoding="UTF-8"?>
<testsuite xmlns:xsi="http://www.w3.org/2001/XMLSchema-instance" xsi:noNamespaceSchemaLocation="https://maven.apache.org/surefire/maven-surefire-plugin/xsd/surefire-test-report-3.0.xsd" version="3.0" name="com.rest.rohan.RestApiApplicationTests" time="13.208" tests="1" errors="0" skipped="0" failures="0">
  <properties>
    <property name="java.specification.version" value="17"/>
    <property name="sun.cpu.isalist" value="amd64"/>
    <property name="sun.jnu.encoding" value="Cp1252"/>
    <property name="java.class.path" value="F:\built\empoyee-rest\rest-api\target\test-classes;F:\built\empoyee-rest\rest-api\target\classes;E:\Apache_Maven\mvn_repo\org\springframework\boot\spring-boot-starter-actuator\3.1.3\spring-boot-starter-actuator-3.1.3.jar;E:\Apache_Maven\mvn_repo\org\springframework\boot\spring-boot-starter\3.1.3\spring-boot-starter-3.1.3.jar;E:\Apache_Maven\mvn_repo\org\springframework\boot\spring-boot-starter-logging\3.1.3\spring-boot-starter-logging-3.1.3.jar;E:\Apache_Maven\mvn_repo\ch\qos\logback\logback-classic\1.4.11\logback-classic-1.4.11.jar;E:\Apache_Maven\mvn_repo\ch\qos\logback\logback-core\1.4.11\logback-core-1.4.11.jar;E:\Apache_Maven\mvn_repo\org\apache\logging\log4j\log4j-to-slf4j\2.20.0\log4j-to-slf4j-2.20.0.jar;E:\Apache_Maven\mvn_repo\org\apache\logging\log4j\log4j-api\2.20.0\log4j-api-2.20.0.jar;E:\Apache_Maven\mvn_repo\org\slf4j\jul-to-slf4j\2.0.7\jul-to-slf4j-2.0.7.jar;E:\Apache_Maven\mvn_repo\jakarta\annotation\jakarta.annotation-api\2.1.1\jakarta.annotation-api-2.1.1.jar;E:\Apache_Maven\mvn_repo\org\yaml\snakeyaml\1.33\snakeyaml-1.33.jar;E:\Apache_Maven\mvn_repo\org\springframework\boot\spring-boot-actuator-autoconfigure\3.1.3\spring-boot-actuator-autoconfigure-3.1.3.jar;E:\Apache_Maven\mvn_repo\org\springframework\boot\spring-boot-actuator\3.1.3\spring-boot-actuator-3.1.3.jar;E:\Apache_Maven\mvn_repo\com\fasterxml\jackson\core\jackson-databind\2.15.2\jackson-databind-2.15.2.jar;E:\Apache_Maven\mvn_repo\com\fasterxml\jackson\core\jackson-annotations\2.15.2\jackson-annotations-2.15.2.jar;E:\Apache_Maven\mvn_repo\com\fasterxml\jackson\core\jackson-core\2.15.2\jackson-core-2.15.2.jar;E:\Apache_Maven\mvn_repo\com\fasterxml\jackson\datatype\jackson-datatype-jsr310\2.15.2\jackson-datatype-jsr310-2.15.2.jar;E:\Apache_Maven\mvn_repo\io\micrometer\micrometer-observation\1.11.3\micrometer-observation-1.11.3.jar;E:\Apache_Maven\mvn_repo\io\micrometer\micrometer-commons\1.11.3\micrometer-commons-1.11.3.jar;E:\Apache_Maven\mvn_repo\io\micrometer\micrometer-core\1.11.3\micrometer-core-1.11.3.jar;E:\Apache_Maven\mvn_repo\org\hdrhistogram\HdrHistogram\2.1.12\HdrHistogram-2.1.12.jar;E:\Apache_Maven\mvn_repo\org\latencyutils\LatencyUtils\2.0.3\LatencyUtils-2.0.3.jar;E:\Apache_Maven\mvn_repo\org\springframework\boot\spring-boot-starter-data-jdbc\3.1.3\spring-boot-starter-data-jdbc-3.1.3.jar;E:\Apache_Maven\mvn_repo\org\springframework\data\spring-data-jdbc\3.1.3\spring-data-jdbc-3.1.3.jar;E:\Apache_Maven\mvn_repo\org\springframework\data\spring-data-relational\3.1.3\spring-data-relational-3.1.3.jar;E:\Apache_Maven\mvn_repo\org\springframework\data\spring-data-commons\3.1.3\spring-data-commons-3.1.3.jar;E:\Apache_Maven\mvn_repo\org\springframework\spring-tx\6.0.11\spring-tx-6.0.11.jar;E:\Apache_Maven\mvn_repo\org\springframework\spring-context\6.0.11\spring-context-6.0.11.jar;E:\Apache_Maven\mvn_repo\org\springframework\spring-beans\6.0.11\spring-beans-6.0.11.jar;E:\Apache_Maven\mvn_repo\org\slf4j\slf4j-api\2.0.7\slf4j-api-2.0.7.jar;E:\Apache_Maven\mvn_repo\org\springframework\boot\spring-boot-starter-data-jpa\3.1.3\spring-boot-starter-data-jpa-3.1.3.jar;E:\Apache_Maven\mvn_repo\org\springframework\boot\spring-boot-starter-aop\3.1.3\spring-boot-starter-aop-3.1.3.jar;E:\Apache_Maven\mvn_repo\org\springframework\spring-aop\6.0.11\spring-aop-6.0.11.jar;E:\Apache_Maven\mvn_repo\org\aspectj\aspectjweaver\1.9.20\aspectjweaver-1.9.20.jar;E:\Apache_Maven\mvn_repo\org\hibernate\orm\hibernate-core\6.2.7.Final\hibernate-core-6.2.7.Final.jar;E:\Apache_Maven\mvn_repo\jakarta\persistence\jakarta.persistence-api\3.1.0\jakarta.persistence-api-3.1.0.jar;E:\Apache_Maven\mvn_repo\jakarta\transaction\jakarta.transaction-api\2.0.1\jakarta.transaction-api-2.0.1.jar;E:\Apache_Maven\mvn_repo\org\jboss\logging\jboss-logging\3.5.3.Final\jboss-logging-3.5.3.Final.jar;E:\Apache_Maven\mvn_repo\org\hibernate\common\hibernate-commons-annotations\6.0.6.Final\hibernate-commons-annotations-6.0.6.Final.jar;E:\Apache_Maven\mvn_repo\io\smallrye\jandex\3.0.5\jandex-3.0.5.jar;E:\Apache_Maven\mvn_repo\com\fasterxml\classmate\1.5.1\classmate-1.5.1.jar;E:\Apache_Maven\mvn_repo\net\bytebuddy\byte-buddy\1.14.6\byte-buddy-1.14.6.jar;E:\Apache_Maven\mvn_repo\org\glassfish\jaxb\jaxb-runtime\4.0.3\jaxb-runtime-4.0.3.jar;E:\Apache_Maven\mvn_repo\org\glassfish\jaxb\jaxb-core\4.0.3\jaxb-core-4.0.3.jar;E:\Apache_Maven\mvn_repo\org\eclipse\angus\angus-activation\2.0.1\angus-activation-2.0.1.jar;E:\Apache_Maven\mvn_repo\org\glassfish\jaxb\txw2\4.0.3\txw2-4.0.3.jar;E:\Apache_Maven\mvn_repo\com\sun\istack\istack-commons-runtime\4.1.2\istack-commons-runtime-4.1.2.jar;E:\Apache_Maven\mvn_repo\jakarta\inject\jakarta.inject-api\2.0.1\jakarta.inject-api-2.0.1.jar;E:\Apache_Maven\mvn_repo\org\antlr\antlr4-runtime\4.10.1\antlr4-runtime-4.10.1.jar;E:\Apache_Maven\mvn_repo\org\springframework\data\spring-data-jpa\3.1.3\spring-data-jpa-3.1.3.jar;E:\Apache_Maven\mvn_repo\org\springframework\spring-orm\6.0.11\spring-orm-6.0.11.jar;E:\Apache_Maven\mvn_repo\org\springframework\spring-aspects\6.0.11\spring-aspects-6.0.11.jar;E:\Apache_Maven\mvn_repo\org\springframework\boot\spring-boot-starter-jdbc\3.1.3\spring-boot-starter-jdbc-3.1.3.jar;E:\Apache_Maven\mvn_repo\com\zaxxer\HikariCP\5.0.1\HikariCP-5.0.1.jar;E:\Apache_Maven\mvn_repo\org\springframework\spring-jdbc\6.0.11\spring-jdbc-6.0.11.jar;E:\Apache_Maven\mvn_repo\org\springframework\boot\spring-boot-starter-web\3.1.3\spring-boot-starter-web-3.1.3.jar;E:\Apache_Maven\mvn_repo\org\springframework\boot\spring-boot-starter-json\3.1.3\spring-boot-starter-json-3.1.3.jar;E:\Apache_Maven\mvn_repo\com\fasterxml\jackson\datatype\jackson-datatype-jdk8\2.15.2\jackson-datatype-jdk8-2.15.2.jar;E:\Apache_Maven\mvn_repo\com\fasterxml\jackson\module\jackson-module-parameter-names\2.15.2\jackson-module-parameter-names-2.15.2.jar;E:\Apache_Maven\mvn_repo\org\springframework\boot\spring-boot-starter-tomcat\3.1.3\spring-boot-starter-tomcat-3.1.3.jar;E:\Apache_Maven\mvn_repo\org\apache\tomcat\embed\tomcat-embed-core\10.1.12\tomcat-embed-core-10.1.12.jar;E:\Apache_Maven\mvn_repo\org\apache\tomcat\embed\tomcat-embed-el\10.1.12\tomcat-embed-el-10.1.12.jar;E:\Apache_Maven\mvn_repo\org\apache\tomcat\embed\tomcat-embed-websocket\10.1.12\tomcat-embed-websocket-10.1.12.jar;E:\Apache_Maven\mvn_repo\org\springframework\spring-web\6.0.11\spring-web-6.0.11.jar;E:\Apache_Maven\mvn_repo\org\springframework\spring-webmvc\6.0.11\spring-webmvc-6.0.11.jar;E:\Apache_Maven\mvn_repo\org\springframework\spring-expression\6.0.11\spring-expression-6.0.11.jar;E:\Apache_Maven\mvn_repo\mysql\mysql-connector-java\8.0.28\mysql-connector-java-8.0.28.jar;E:\Apache_Maven\mvn_repo\com\google\protobuf\protobuf-java\3.11.4\protobuf-java-3.11.4.jar;E:\Apache_Maven\mvn_repo\org\springframework\boot\spring-boot-devtools\3.1.3\spring-boot-devtools-3.1.3.jar;E:\Apache_Maven\mvn_repo\org\springframework\boot\spring-boot\3.1.3\spring-boot-3.1.3.jar;E:\Apache_Maven\mvn_repo\org\springframework\boot\spring-boot-autoconfigure\3.1.3\spring-boot-autoconfigure-3.1.3.jar;E:\Apache_Maven\mvn_repo\org\projectlombok\lombok\1.18.28\lombok-1.18.28.jar;E:\Apache_Maven\mvn_repo\org\springframework\boot\spring-boot-starter-test\3.1.3\spring-boot-starter-test-3.1.3.jar;E:\Apache_Maven\mvn_repo\org\springframework\boot\spring-boot-test\3.1.3\spring-boot-test-3.1.3.jar;E:\Apache_Maven\mvn_repo\org\springframework\boot\spring-boot-test-autoconfigure\3.1.3\spring-boot-test-autoconfigure-3.1.3.jar;E:\Apache_Maven\mvn_repo\com\jayway\jsonpath\json-path\2.8.0\json-path-2.8.0.jar;E:\Apache_Maven\mvn_repo\jakarta\xml\bind\jakarta.xml.bind-api\4.0.0\jakarta.xml.bind-api-4.0.0.jar;E:\Apache_Maven\mvn_repo\jakarta\activation\jakarta.activation-api\2.1.2\jakarta.activation-api-2.1.2.jar;E:\Apache_Maven\mvn_repo\net\minidev\json-smart\2.4.11\json-smart-2.4.11.jar;E:\Apache_Maven\mvn_repo\net\minidev\accessors-smart\2.4.11\accessors-smart-2.4.11.jar;E:\Apache_Maven\mvn_repo\org\ow2\asm\asm\9.3\asm-9.3.jar;E:\Apache_Maven\mvn_repo\org\assertj\assertj-core\3.24.2\assertj-core-3.24.2.jar;E:\Apache_Maven\mvn_repo\org\hamcrest\hamcrest\2.2\hamcrest-2.2.jar;E:\Apache_Maven\mvn_repo\org\junit\jupiter\junit-jupiter\5.9.3\junit-jupiter-5.9.3.jar;E:\Apache_Maven\mvn_repo\org\junit\jupiter\junit-jupiter-api\5.9.3\junit-jupiter-api-5.9.3.jar;E:\Apache_Maven\mvn_repo\org\opentest4j\opentest4j\1.2.0\opentest4j-1.2.0.jar;E:\Apache_Maven\mvn_repo\org\junit\platform\junit-platform-commons\1.9.3\junit-platform-commons-1.9.3.jar;E:\Apache_Maven\mvn_repo\org\apiguardian\apiguardian-api\1.1.2\apiguardian-api-1.1.2.jar;E:\Apache_Maven\mvn_repo\org\junit\jupiter\junit-jupiter-params\5.9.3\junit-jupiter-params-5.9.3.jar;E:\Apache_Maven\mvn_repo\org\junit\jupiter\junit-jupiter-engine\5.9.3\junit-jupiter-engine-5.9.3.jar;E:\Apache_Maven\mvn_repo\org\junit\platform\junit-platform-engine\1.9.3\junit-platform-engine-1.9.3.jar;E:\Apache_Maven\mvn_repo\org\mockito\mockito-core\5.3.1\mockito-core-5.3.1.jar;E:\Apache_Maven\mvn_repo\net\bytebuddy\byte-buddy-agent\1.14.6\byte-buddy-agent-1.14.6.jar;E:\Apache_Maven\mvn_repo\org\objenesis\objenesis\3.3\objenesis-3.3.jar;E:\Apache_Maven\mvn_repo\org\mockito\mockito-junit-jupiter\5.3.1\mockito-junit-jupiter-5.3.1.jar;E:\Apache_Maven\mvn_repo\org\skyscreamer\jsonassert\1.5.1\jsonassert-1.5.1.jar;E:\Apache_Maven\mvn_repo\com\vaadin\external\google\android-json\0.0.20131108.vaadin1\android-json-0.0.20131108.vaadin1.jar;E:\Apache_Maven\mvn_repo\org\springframework\spring-core\6.0.11\spring-core-6.0.11.jar;E:\Apache_Maven\mvn_repo\org\springframework\spring-jcl\6.0.11\spring-jcl-6.0.11.jar;E:\Apache_Maven\mvn_repo\org\springframework\spring-test\6.0.11\spring-test-6.0.11.jar;E:\Apache_Maven\mvn_repo\org\xmlunit\xmlunit-core\2.9.1\xmlunit-core-2.9.1.jar;"/>
    <property name="java.vm.vendor" value="Oracle Corporation"/>
    <property name="sun.arch.data.model" value="64"/>
    <property name="user.variant" value=""/>
    <property name="java.vendor.url" value="https://java.oracle.com/"/>
    <property name="user.timezone" value="Asia/Calcutta"/>
    <property name="org.jboss.logging.provider" value="slf4j"/>
    <property name="os.name" value="Windows 11"/>
    <property name="java.vm.specification.version" value="17"/>
    <property name="sun.java.launcher" value="SUN_STANDARD"/>
    <property name="user.country" value="US"/>
    <property name="sun.boot.library.path" value="E:\jdk-17.0.7\bin"/>
    <property name="sun.java.command" value="C:\Users\yash1\AppData\Local\Temp\surefire13210424103831998686\surefirebooter-20231015182533072_3.jar C:\Users\yash1\AppData\Local\Temp\surefire13210424103831998686 2023-10-15T18-25-32_399-jvmRun1 surefire-20231015182533072_1tmp surefire_0-20231015182533072_2tmp"/>
    <property name="jdk.debug" value="release"/>
    <property name="surefire.test.class.path" value="F:\built\empoyee-rest\rest-api\target\test-classes;F:\built\empoyee-rest\rest-api\target\classes;E:\Apache_Maven\mvn_repo\org\springframework\boot\spring-boot-starter-actuator\3.1.3\spring-boot-starter-actuator-3.1.3.jar;E:\Apache_Maven\mvn_repo\org\springframework\boot\spring-boot-starter\3.1.3\spring-boot-starter-3.1.3.jar;E:\Apache_Maven\mvn_repo\org\springframework\boot\spring-boot-starter-logging\3.1.3\spring-boot-starter-logging-3.1.3.jar;E:\Apache_Maven\mvn_repo\ch\qos\logback\logback-classic\1.4.11\logback-classic-1.4.11.jar;E:\Apache_Maven\mvn_repo\ch\qos\logback\logback-core\1.4.11\logback-core-1.4.11.jar;E:\Apache_Maven\mvn_repo\org\apache\logging\log4j\log4j-to-slf4j\2.20.0\log4j-to-slf4j-2.20.0.jar;E:\Apache_Maven\mvn_repo\org\apache\logging\log4j\log4j-api\2.20.0\log4j-api-2.20.0.jar;E:\Apache_Maven\mvn_repo\org\slf4j\jul-to-slf4j\2.0.7\jul-to-slf4j-2.0.7.jar;E:\Apache_Maven\mvn_repo\jakarta\annotation\jakarta.annotation-api\2.1.1\jakarta.annotation-api-2.1.1.jar;E:\Apache_Maven\mvn_repo\org\yaml\snakeyaml\1.33\snakeyaml-1.33.jar;E:\Apache_Maven\mvn_repo\org\springframework\boot\spring-boot-actuator-autoconfigure\3.1.3\spring-boot-actuator-autoconfigure-3.1.3.jar;E:\Apache_Maven\mvn_repo\org\springframework\boot\spring-boot-actuator\3.1.3\spring-boot-actuator-3.1.3.jar;E:\Apache_Maven\mvn_repo\com\fasterxml\jackson\core\jackson-databind\2.15.2\jackson-databind-2.15.2.jar;E:\Apache_Maven\mvn_repo\com\fasterxml\jackson\core\jackson-annotations\2.15.2\jackson-annotations-2.15.2.jar;E:\Apache_Maven\mvn_repo\com\fasterxml\jackson\core\jackson-core\2.15.2\jackson-core-2.15.2.jar;E:\Apache_Maven\mvn_repo\com\fasterxml\jackson\datatype\jackson-datatype-jsr310\2.15.2\jackson-datatype-jsr310-2.15.2.jar;E:\Apache_Maven\mvn_repo\io\micrometer\micrometer-observation\1.11.3\micrometer-observation-1.11.3.jar;E:\Apache_Maven\mvn_repo\io\micrometer\micrometer-commons\1.11.3\micrometer-commons-1.11.3.jar;E:\Apache_Maven\mvn_repo\io\micrometer\micrometer-core\1.11.3\micrometer-core-1.11.3.jar;E:\Apache_Maven\mvn_repo\org\hdrhistogram\HdrHistogram\2.1.12\HdrHistogram-2.1.12.jar;E:\Apache_Maven\mvn_repo\org\latencyutils\LatencyUtils\2.0.3\LatencyUtils-2.0.3.jar;E:\Apache_Maven\mvn_repo\org\springframework\boot\spring-boot-starter-data-jdbc\3.1.3\spring-boot-starter-data-jdbc-3.1.3.jar;E:\Apache_Maven\mvn_repo\org\springframework\data\spring-data-jdbc\3.1.3\spring-data-jdbc-3.1.3.jar;E:\Apache_Maven\mvn_repo\org\springframework\data\spring-data-relational\3.1.3\spring-data-relational-3.1.3.jar;E:\Apache_Maven\mvn_repo\org\springframework\data\spring-data-commons\3.1.3\spring-data-commons-3.1.3.jar;E:\Apache_Maven\mvn_repo\org\springframework\spring-tx\6.0.11\spring-tx-6.0.11.jar;E:\Apache_Maven\mvn_repo\org\springframework\spring-context\6.0.11\spring-context-6.0.11.jar;E:\Apache_Maven\mvn_repo\org\springframework\spring-beans\6.0.11\spring-beans-6.0.11.jar;E:\Apache_Maven\mvn_repo\org\slf4j\slf4j-api\2.0.7\slf4j-api-2.0.7.jar;E:\Apache_Maven\mvn_repo\org\springframework\boot\spring-boot-starter-data-jpa\3.1.3\spring-boot-starter-data-jpa-3.1.3.jar;E:\Apache_Maven\mvn_repo\org\springframework\boot\spring-boot-starter-aop\3.1.3\spring-boot-starter-aop-3.1.3.jar;E:\Apache_Maven\mvn_repo\org\springframework\spring-aop\6.0.11\spring-aop-6.0.11.jar;E:\Apache_Maven\mvn_repo\org\aspectj\aspectjweaver\1.9.20\aspectjweaver-1.9.20.jar;E:\Apache_Maven\mvn_repo\org\hibernate\orm\hibernate-core\6.2.7.Final\hibernate-core-6.2.7.Final.jar;E:\Apache_Maven\mvn_repo\jakarta\persistence\jakarta.persistence-api\3.1.0\jakarta.persistence-api-3.1.0.jar;E:\Apache_Maven\mvn_repo\jakarta\transaction\jakarta.transaction-api\2.0.1\jakarta.transaction-api-2.0.1.jar;E:\Apache_Maven\mvn_repo\org\jboss\logging\jboss-logging\3.5.3.Final\jboss-logging-3.5.3.Final.jar;E:\Apache_Maven\mvn_repo\org\hibernate\common\hibernate-commons-annotations\6.0.6.Final\hibernate-commons-annotations-6.0.6.Final.jar;E:\Apache_Maven\mvn_repo\io\smallrye\jandex\3.0.5\jandex-3.0.5.jar;E:\Apache_Maven\mvn_repo\com\fasterxml\classmate\1.5.1\classmate-1.5.1.jar;E:\Apache_Maven\mvn_repo\net\bytebuddy\byte-buddy\1.14.6\byte-buddy-1.14.6.jar;E:\Apache_Maven\mvn_repo\org\glassfish\jaxb\jaxb-runtime\4.0.3\jaxb-runtime-4.0.3.jar;E:\Apache_Maven\mvn_repo\org\glassfish\jaxb\jaxb-core\4.0.3\jaxb-core-4.0.3.jar;E:\Apache_Maven\mvn_repo\org\eclipse\angus\angus-activation\2.0.1\angus-activation-2.0.1.jar;E:\Apache_Maven\mvn_repo\org\glassfish\jaxb\txw2\4.0.3\txw2-4.0.3.jar;E:\Apache_Maven\mvn_repo\com\sun\istack\istack-commons-runtime\4.1.2\istack-commons-runtime-4.1.2.jar;E:\Apache_Maven\mvn_repo\jakarta\inject\jakarta.inject-api\2.0.1\jakarta.inject-api-2.0.1.jar;E:\Apache_Maven\mvn_repo\org\antlr\antlr4-runtime\4.10.1\antlr4-runtime-4.10.1.jar;E:\Apache_Maven\mvn_repo\org\springframework\data\spring-data-jpa\3.1.3\spring-data-jpa-3.1.3.jar;E:\Apache_Maven\mvn_repo\org\springframework\spring-orm\6.0.11\spring-orm-6.0.11.jar;E:\Apache_Maven\mvn_repo\org\springframework\spring-aspects\6.0.11\spring-aspects-6.0.11.jar;E:\Apache_Maven\mvn_repo\org\springframework\boot\spring-boot-starter-jdbc\3.1.3\spring-boot-starter-jdbc-3.1.3.jar;E:\Apache_Maven\mvn_repo\com\zaxxer\HikariCP\5.0.1\HikariCP-5.0.1.jar;E:\Apache_Maven\mvn_repo\org\springframework\spring-jdbc\6.0.11\spring-jdbc-6.0.11.jar;E:\Apache_Maven\mvn_repo\org\springframework\boot\spring-boot-starter-web\3.1.3\spring-boot-starter-web-3.1.3.jar;E:\Apache_Maven\mvn_repo\org\springframework\boot\spring-boot-starter-json\3.1.3\spring-boot-starter-json-3.1.3.jar;E:\Apache_Maven\mvn_repo\com\fasterxml\jackson\datatype\jackson-datatype-jdk8\2.15.2\jackson-datatype-jdk8-2.15.2.jar;E:\Apache_Maven\mvn_repo\com\fasterxml\jackson\module\jackson-module-parameter-names\2.15.2\jackson-module-parameter-names-2.15.2.jar;E:\Apache_Maven\mvn_repo\org\springframework\boot\spring-boot-starter-tomcat\3.1.3\spring-boot-starter-tomcat-3.1.3.jar;E:\Apache_Maven\mvn_repo\org\apache\tomcat\embed\tomcat-embed-core\10.1.12\tomcat-embed-core-10.1.12.jar;E:\Apache_Maven\mvn_repo\org\apache\tomcat\embed\tomcat-embed-el\10.1.12\tomcat-embed-el-10.1.12.jar;E:\Apache_Maven\mvn_repo\org\apache\tomcat\embed\tomcat-embed-websocket\10.1.12\tomcat-embed-websocket-10.1.12.jar;E:\Apache_Maven\mvn_repo\org\springframework\spring-web\6.0.11\spring-web-6.0.11.jar;E:\Apache_Maven\mvn_repo\org\springframework\spring-webmvc\6.0.11\spring-webmvc-6.0.11.jar;E:\Apache_Maven\mvn_repo\org\springframework\spring-expression\6.0.11\spring-expression-6.0.11.jar;E:\Apache_Maven\mvn_repo\mysql\mysql-connector-java\8.0.28\mysql-connector-java-8.0.28.jar;E:\Apache_Maven\mvn_repo\com\google\protobuf\protobuf-java\3.11.4\protobuf-java-3.11.4.jar;E:\Apache_Maven\mvn_repo\org\springframework\boot\spring-boot-devtools\3.1.3\spring-boot-devtools-3.1.3.jar;E:\Apache_Maven\mvn_repo\org\springframework\boot\spring-boot\3.1.3\spring-boot-3.1.3.jar;E:\Apache_Maven\mvn_repo\org\springframework\boot\spring-boot-autoconfigure\3.1.3\spring-boot-autoconfigure-3.1.3.jar;E:\Apache_Maven\mvn_repo\org\projectlombok\lombok\1.18.28\lombok-1.18.28.jar;E:\Apache_Maven\mvn_repo\org\springframework\boot\spring-boot-starter-test\3.1.3\spring-boot-starter-test-3.1.3.jar;E:\Apache_Maven\mvn_repo\org\springframework\boot\spring-boot-test\3.1.3\spring-boot-test-3.1.3.jar;E:\Apache_Maven\mvn_repo\org\springframework\boot\spring-boot-test-autoconfigure\3.1.3\spring-boot-test-autoconfigure-3.1.3.jar;E:\Apache_Maven\mvn_repo\com\jayway\jsonpath\json-path\2.8.0\json-path-2.8.0.jar;E:\Apache_Maven\mvn_repo\jakarta\xml\bind\jakarta.xml.bind-api\4.0.0\jakarta.xml.bind-api-4.0.0.jar;E:\Apache_Maven\mvn_repo\jakarta\activation\jakarta.activation-api\2.1.2\jakarta.activation-api-2.1.2.jar;E:\Apache_Maven\mvn_repo\net\minidev\json-smart\2.4.11\json-smart-2.4.11.jar;E:\Apache_Maven\mvn_repo\net\minidev\accessors-smart\2.4.11\accessors-smart-2.4.11.jar;E:\Apache_Maven\mvn_repo\org\ow2\asm\asm\9.3\asm-9.3.jar;E:\Apache_Maven\mvn_repo\org\assertj\assertj-core\3.24.2\assertj-core-3.24.2.jar;E:\Apache_Maven\mvn_repo\org\hamcrest\hamcrest\2.2\hamcrest-2.2.jar;E:\Apache_Maven\mvn_repo\org\junit\jupiter\junit-jupiter\5.9.3\junit-jupiter-5.9.3.jar;E:\Apache_Maven\mvn_repo\org\junit\jupiter\junit-jupiter-api\5.9.3\junit-jupiter-api-5.9.3.jar;E:\Apache_Maven\mvn_repo\org\opentest4j\opentest4j\1.2.0\opentest4j-1.2.0.jar;E:\Apache_Maven\mvn_repo\org\junit\platform\junit-platform-commons\1.9.3\junit-platform-commons-1.9.3.jar;E:\Apache_Maven\mvn_repo\org\apiguardian\apiguardian-api\1.1.2\apiguardian-api-1.1.2.jar;E:\Apache_Maven\mvn_repo\org\junit\jupiter\junit-jupiter-params\5.9.3\junit-jupiter-params-5.9.3.jar;E:\Apache_Maven\mvn_repo\org\junit\jupiter\junit-jupiter-engine\5.9.3\junit-jupiter-engine-5.9.3.jar;E:\Apache_Maven\mvn_repo\org\junit\platform\junit-platform-engine\1.9.3\junit-platform-engine-1.9.3.jar;E:\Apache_Maven\mvn_repo\org\mockito\mockito-core\5.3.1\mockito-core-5.3.1.jar;E:\Apache_Maven\mvn_repo\net\bytebuddy\byte-buddy-agent\1.14.6\byte-buddy-agent-1.14.6.jar;E:\Apache_Maven\mvn_repo\org\objenesis\objenesis\3.3\objenesis-3.3.jar;E:\Apache_Maven\mvn_repo\org\mockito\mockito-junit-jupiter\5.3.1\mockito-junit-jupiter-5.3.1.jar;E:\Apache_Maven\mvn_repo\org\skyscreamer\jsonassert\1.5.1\jsonassert-1.5.1.jar;E:\Apache_Maven\mvn_repo\com\vaadin\external\google\android-json\0.0.20131108.vaadin1\android-json-0.0.20131108.vaadin1.jar;E:\Apache_Maven\mvn_repo\org\springframework\spring-core\6.0.11\spring-core-6.0.11.jar;E:\Apache_Maven\mvn_repo\org\springframework\spring-jcl\6.0.11\spring-jcl-6.0.11.jar;E:\Apache_Maven\mvn_repo\org\springframework\spring-test\6.0.11\spring-test-6.0.11.jar;E:\Apache_Maven\mvn_repo\org\xmlunit\xmlunit-core\2.9.1\xmlunit-core-2.9.1.jar;"/>
    <property name="sun.cpu.endian" value="little"/>
    <property name="user.home" value="C:\Users\yash1"/>
    <property name="user.language" value="en"/>
    <property name="java.specification.vendor" value="Oracle Corporation"/>
    <property name="java.version.date" value="2023-04-18"/>
    <property name="java.home" value="E:\jdk-17.0.7"/>
    <property name="file.separator" value="\"/>
    <property name="basedir" value="F:\built\empoyee-rest\rest-api"/>
    <property name="java.vm.compressedOopsMode" value="Zero based"/>
    <property name="line.separator" value="&#10;"/>
    <property name="java.vm.specification.vendor" value="Oracle Corporation"/>
    <property name="java.specification.name" value="Java Platform API Specification"/>
    <property name="FILE_LOG_CHARSET" value="windows-1252"/>
    <property name="java.awt.headless" value="true"/>
    <property name="surefire.real.class.path" value="C:\Users\yash1\AppData\Local\Temp\surefire13210424103831998686\surefirebooter-20231015182533072_3.jar"/>
    <property name="user.script" value=""/>
    <property name="sun.management.compiler" value="HotSpot 64-Bit Tiered Compilers"/>
    <property name="java.runtime.version" value="17.0.7+8-LTS-224"/>
    <property name="user.name" value="yash1"/>
    <property name="path.separator" value=";"/>
    <property name="os.version" value="10.0"/>
    <property name="java.runtime.name" value="Java(TM) SE Runtime Environment"/>
    <property name="file.encoding" value="Cp1252"/>
    <property name="java.vm.name" value="Java HotSpot(TM) 64-Bit Server VM"/>
    <property name="localRepository" value="E:\Apache_Maven\mvn_repo"/>
    <property name="java.vendor.url.bug" value="https://bugreport.java.com/bugreport/"/>
    <property name="java.io.tmpdir" value="C:\Users\yash1\AppData\Local\Temp\"/>
    <property name="idea.version" value="2023.2.3"/>
    <property name="com.zaxxer.hikari.pool_number" value="1"/>
    <property name="java.version" value="17.0.7"/>
    <property name="user.dir" value="F:\built\empoyee-rest\rest-api"/>
    <property name="os.arch" value="amd64"/>
    <property name="java.vm.specification.name" value="Java Virtual Machine Specification"/>
    <property name="PID" value="8228"/>
    <property name="sun.os.patch.level" value=""/>
    <property name="CONSOLE_LOG_CHARSET" value="windows-1252"/>
    <property name="native.encoding" value="Cp1252"/>
    <property name="java.library.path" value="E:\jdk-17.0.7\bin;C:\WINDOWS\Sun\Java\bin;C:\WINDOWS\system32;C:\WINDOWS;E:\jdk-17.0.7\bin;C:\Program Files (x86)\Common Files\Oracle\Java\javapath;C:\Python310\Scripts\;C:\Python310\;E:\Python\Python396\Scripts\;E:\Python\Python396\;C:\WINDOWS\system32;C:\WINDOWS;C:\WINDOWS\System32\Wbem;C:\WINDOWS\System32\WindowsPowerShell\v1.0\;C:\WINDOWS\System32\OpenSSH\;C:\Program Files\Microsoft SQL Server\130\Tools\Binn\;C:\Program Files\Microsoft SQL Server\Client SDK\ODBC\170\Tools\Binn\;C:\Program Files (x86)\Microsoft SQL Server\150\Tools\Binn\;C:\Program Files\Microsoft SQL Server\150\Tools\Binn\;C:\Program Files (x86)\Microsoft SQL Server\150\DTS\Binn\;C:\Program Files\Microsoft SQL Server\150\DTS\Binn\;C:\Program Files\dotnet\;E:\IoT MPLAB XC8 C COMPILER\bin;E:\MinGW g++\mingw32\bin;C:\ProgramData\chocolatey\bin;E:\Visual Code\Flutter\flutter\bin;E:\Apache_Maven\apache-maven-3.8.5\bin;C:\Program Files (x86)\dotnet\;C:\WINDOWS\System32\WindowsPowerShe;C:\WINDOWS\System32\WindowsPowerShell\v1.;E:\Node_16_17;E:\Git\cmd;C:\WINDOWS\system32;C:\WINDOWS;C:\WINDOWS\System32\Wbem;C:\WINDOWS\System32\WindowsPowerShell\v1.0\;C:\WINDOWS\System32\OpenSSH\;E:\jdk-17.0.7\bin;C:\Program Files\MySQL\MySQL Shell 8.0\bin\;C:\Users\yash1\AppData\Local\Microsoft\WindowsApps;C:\Program Files\Azure Data Studio\bin;C:\Users\yash1\.dotnet\tools;E:\IntelliJ IDEA\IntelliJ IDEA Community Edition 2021.1.2\bin;;E:\Visual Code\Flutter\flutter\bin;E:\IntelliJ IDEA 2022.3.1\bin;;C:\Users\yash1\AppData\Local\Programs\Microsoft VS Code\bin;E:\JetBrains_idealE\IntelliJ IDEA Educational Edition 2022.2\bin;;C:\Users\yash1\AppData\Roaming\npm;E:\Node_16_17;C:\Users\yash1\AppData\Local\GitHubDesktop\bin;C:\Program Files\New Relic\New Relic CLI\;;."/>
    <property name="java.vm.info" value="mixed mode, sharing"/>
    <property name="java.vendor" value="Oracle Corporation"/>
    <property name="java.vm.version" value="17.0.7+8-LTS-224"/>
    <property name="sun.io.unicode.encoding" value="UnicodeLittle"/>
    <property name="maven.repo.local" value="E:\Apache_Maven\mvn_repo"/>
    <property name="java.class.version" value="61.0"/>
  </properties>
  <testcase name="contextLoads" classname="com.rest.rohan.RestApiApplicationTests" time="1.754">
    <system-out><![CDATA[18:25:35.308 [main] INFO org.springframework.test.context.support.AnnotationConfigContextLoaderUtils -- Could not detect default configuration classes for test class [com.rest.rohan.RestApiApplicationTests]: RestApiApplicationTests does not declare any static, non-private, non-final, nested classes annotated with @Configuration.
18:25:35.615 [main] INFO org.springframework.boot.test.context.SpringBootTestContextBootstrapper -- Found @SpringBootConfiguration com.rest.rohan.RestApiApplication for test class com.rest.rohan.RestApiApplicationTests

  .   ____          _            __ _ _
 /\\ / ___'_ __ _ _(_)_ __  __ _ \ \ \ \
( ( )\___ | '_ | '_| | '_ \/ _` | \ \ \ \
 \\/  ___)| |_)| | | | | || (_| |  ) ) ) )
  '  |____| .__|_| |_|_| |_\__, | / / / /
 =========|_|==============|___/=/_/_/_/
 :: Spring Boot ::                (v3.1.3)

2023-10-15T18:25:36.803+05:30  INFO 8228 --- [           main] com.rest.rohan.RestApiApplicationTests   : Starting RestApiApplicationTests using Java 17.0.7 with PID 8228 (started by yash1 in F:\built\empoyee-rest\rest-api)
2023-10-15T18:25:36.806+05:30  INFO 8228 --- [           main] com.rest.rohan.RestApiApplicationTests   : No active profile set, falling back to 1 default profile: "default"
2023-10-15T18:25:39.401+05:30  INFO 8228 --- [           main] .s.d.r.c.RepositoryConfigurationDelegate : Multiple Spring Data modules found, entering strict repository configuration mode
2023-10-15T18:25:39.404+05:30  INFO 8228 --- [           main] .s.d.r.c.RepositoryConfigurationDelegate : Bootstrapping Spring Data JDBC repositories in DEFAULT mode.
2023-10-15T18:25:39.444+05:30  INFO 8228 --- [           main] .s.d.r.c.RepositoryConfigurationDelegate : Finished Spring Data repository scanning in 21 ms. Found 0 JDBC repository interfaces.
2023-10-15T18:25:39.460+05:30  INFO 8228 --- [           main] .s.d.r.c.RepositoryConfigurationDelegate : Multiple Spring Data modules found, entering strict repository configuration mode
2023-10-15T18:25:39.461+05:30  INFO 8228 --- [           main] .s.d.r.c.RepositoryConfigurationDelegate : Bootstrapping Spring Data JPA repositories in DEFAULT mode.
2023-10-15T18:25:39.471+05:30  INFO 8228 --- [           main] .s.d.r.c.RepositoryConfigurationDelegate : Finished Spring Data repository scanning in 4 ms. Found 0 JPA repository interfaces.
2023-10-15T18:25:40.389+05:30  INFO 8228 --- [           main] o.hibernate.jpa.internal.util.LogHelper  : HHH000204: Processing PersistenceUnitInfo [name: default]
2023-10-15T18:25:40.601+05:30  INFO 8228 --- [           main] org.hibernate.Version                    : HHH000412: Hibernate ORM core version 6.2.7.Final
2023-10-15T18:25:40.604+05:30  INFO 8228 --- [           main] org.hibernate.cfg.Environment            : HHH000406: Using bytecode reflection optimizer
2023-10-15T18:25:40.963+05:30  INFO 8228 --- [           main] o.h.b.i.BytecodeProviderInitiator        : HHH000021: Bytecode provider name : bytebuddy
2023-10-15T18:25:41.379+05:30  INFO 8228 --- [           main] o.s.o.j.p.SpringPersistenceUnitInfo      : No LoadTimeWeaver setup: ignoring JPA class transformer
2023-10-15T18:25:41.419+05:30  INFO 8228 --- [           main] com.zaxxer.hikari.HikariDataSource       : HikariPool-1 - Starting...
2023-10-15T18:25:42.618+05:30  INFO 8228 --- [           main] com.zaxxer.hikari.pool.HikariPool        : HikariPool-1 - Added connection com.mysql.cj.jdbc.ConnectionImpl@32e830a0
2023-10-15T18:25:42.620+05:30  INFO 8228 --- [           main] com.zaxxer.hikari.HikariDataSource       : HikariPool-1 - Start completed.
2023-10-15T18:25:43.152+05:30  INFO 8228 --- [           main] o.h.b.i.BytecodeProviderInitiator        : HHH000021: Bytecode provider name : bytebuddy
2023-10-15T18:25:43.668+05:30  INFO 8228 --- [           main] o.h.e.t.j.p.i.JtaPlatformInitiator       : HHH000490: Using JtaPlatform implementation: [org.hibernate.engine.transaction.jta.platform.internal.NoJtaPlatform]
2023-10-15T18:25:43.675+05:30  INFO 8228 --- [           main] j.LocalContainerEntityManagerFactoryBean : Initialized JPA EntityManagerFactory for persistence unit 'default'
2023-10-15T18:25:44.274+05:30  WARN 8228 --- [           main] JpaBaseConfiguration$JpaWebConfiguration : spring.jpa.open-in-view is enabled by default. Therefore, database queries may be performed during view rendering. Explicitly configure spring.jpa.open-in-view to disable this warning
2023-10-15T18:25:45.634+05:30  INFO 8228 --- [           main] o.s.b.a.e.web.EndpointLinksResolver      : Exposing 1 endpoint(s) beneath base path '/actuator'
2023-10-15T18:25:45.766+05:30  INFO 8228 --- [           main] com.rest.rohan.RestApiApplicationTests   : Started RestApiApplicationTests in 9.723 seconds (process running for 12.412)
]]></system-out>
  </testcase>
</testsuite>